C51 COMPILER V9.60.0.0   MAIN                                                              06/13/2022 15:46:21 PAGE 1   


C51 COMPILER V9.60.0.0, COMPILATION OF MODULE MAIN
OBJECT MODULE PLACED IN .\Objects\main.obj
COMPILER INVOKED BY: C:\Keil_v5\C51\BIN\C51.EXE main.c OPTIMIZE(8,SPEED) BROWSE DEBUG OBJECTEXTEND PRINT(.\Listings\main
                    -.lst) OBJECT(.\Objects\main.obj)

line level    source

   1          #include <REGX52.H>
   2          #include <INTRINS.H>
   3          
   4          void Delay1ms()         //@11.0592MHz
   5          {
   6   1              unsigned char i, j;
   7   1      
   8   1              _nop_();
   9   1              i = 2;
  10   1              j = 199;
  11   1              do
  12   1              {
  13   2                      while (--j);
  14   2              } while (--i);
  15   1      }
  16          
  17          unsigned char steps[] = {0x01, 0x03, 0x02, 0x06, 0x04, 0x0c, 0x08, 0x09};
  18          
  19          // 1 step == 5.625 / 64 degree
  20          void step(unsigned int n, unsigned char is_rev)
  21          {
  22   1              unsigned int i;
  23   1              if (is_rev)
  24   1              {
  25   2                      for (i = n; i > 0; i--)
  26   2                      {
  27   3                              P1 = steps[i % 8];
  28   3                              Delay1ms();
  29   3                      }       
  30   2              }
  31   1              else
  32   1              {
  33   2                      for (i = 0; i < n; i++)
  34   2                      {
  35   3                              P1 = steps[i % 8];
  36   3                              Delay1ms();
  37   3                      }       
  38   2              }
  39   1      
  40   1      }
  41          
  42          void main()
  43          {
  44   1              P1 = 0;
  45   1              
  46   1              Delay1ms();
  47   1       
  48   1              step(4096, 1);
  49   1      
  50   1              // 电机停止后，让其内部没有电流，否则会持续耗电发热
  51   1              P1 = 0;
  52   1      
  53   1              while(1)
  54   1              {
C51 COMPILER V9.60.0.0   MAIN                                                              06/13/2022 15:46:21 PAGE 2   

  55   2                      
  56   2              }
  57   1      }


MODULE INFORMATION:   STATIC OVERLAYABLE
   CODE SIZE        =     91    ----
   CONSTANT SIZE    =   ----    ----
   XDATA SIZE       =   ----    ----
   PDATA SIZE       =   ----    ----
   DATA SIZE        =      8       2
   IDATA SIZE       =   ----    ----
   BIT SIZE         =   ----    ----
END OF MODULE INFORMATION.


C51 COMPILATION COMPLETE.  0 WARNING(S),  0 ERROR(S)
