C51 COMPILER V9.60.0.0   MAIN                                                              08/23/2022 14:29:48 PAGE 1   


C51 COMPILER V9.60.0.0, COMPILATION OF MODULE MAIN
OBJECT MODULE PLACED IN .\Objects\main.obj
COMPILER INVOKED BY: C:\Keil_v5\C51\BIN\C51.EXE main.c OPTIMIZE(8,SPEED) BROWSE DEBUG OBJECTEXTEND PRINT(.\Listings\main
                    -.lst) OBJECT(.\Objects\main.obj)

line level    source

   1          #include <REGX52.H>
   2          #include <INTRINS.H>
   3          #include "lcd1602.h"
   4          #include "uart.h"
   5          
   6          char response[8];
   7          unsigned char j = 0;
   8          
   9          
  10          void uart() interrupt 4
  11          {
  12   1          unsigned char rec;
  13   1      
  14   1          if (RI == 1)
  15   1          {
  16   2              RI = 0;
  17   2      
  18   2              rec = SBUF;
  19   2              if (rec != '\r' && rec != '\n')
  20   2              {
  21   3                  uart_send(rec);
  22   3                  response[j] = rec;
  23   3                  j++;
  24   3                  
  25   3              }
  26   2              
  27   2              if (rec == '\0')
  28   2              {
  29   3                  LCD_WriteCommand(0x01);
  30   3                  LCD_ShowString(1, 1, response);
  31   3              }
  32   2          }
  33   1      }
  34          
  35          // AT+CIOBAUD=9600
  36          // 设置 ESP8266 BAUD 为 9600
  37          void main()
  38          {
  39   1          //char cmd[] = { 'A', 'T', '+', 'V', 'E', 'R','S','I', 'O', 'N', '\r', '\n', '\0' };
  40   1          char cmd[] = "AT\r\n";
  41   1          int i;
  42   1      
  43   1          LCD_Init();
  44   1      
  45   1          uart_init();
  46   1      
  47   1          for (i = 0; i < 4; i++)
  48   1          {
  49   2              uart_send(cmd[i]);
  50   2          }
  51   1      
  52   1          while (1);
  53   1      }

C51 COMPILER V9.60.0.0   MAIN                                                              08/23/2022 14:29:48 PAGE 2   


MODULE INFORMATION:   STATIC OVERLAYABLE
   CODE SIZE        =    173    ----
   CONSTANT SIZE    =      5    ----
   XDATA SIZE       =   ----    ----
   PDATA SIZE       =   ----    ----
   DATA SIZE        =      9       8
   IDATA SIZE       =   ----    ----
   BIT SIZE         =   ----    ----
END OF MODULE INFORMATION.


C51 COMPILATION COMPLETE.  0 WARNING(S),  0 ERROR(S)
