C51 COMPILER V9.60.0.0   UART                                                              08/23/2022 14:29:49 PAGE 1   


C51 COMPILER V9.60.0.0, COMPILATION OF MODULE UART
OBJECT MODULE PLACED IN .\Objects\uart.obj
COMPILER INVOKED BY: C:\Keil_v5\C51\BIN\C51.EXE uart.c OPTIMIZE(8,SPEED) BROWSE DEBUG OBJECTEXTEND PRINT(.\Listings\uart
                    -.lst) OBJECT(.\Objects\uart.obj)

line level    source

   1          #include <REGX52.H>
   2          
   3          sfr AUXR    = 0x8E;
   4          
   5          void uart_init(void) //9600bps@11.0592MHz
   6          {
   7   1          // 定时器工作方式寄存器，复位后为0
   8   1          //
   9   1          // GATE C/T M1 M0 GATE C/T M1 M0
  10   1          // 定时器1          定时器0
  11   1          //
  12   1          // 定时器 1 工作方式设置为 2，即自动重装初值的8 位计数方式
  13   1          TMOD |= 0x20; // 00100000
  14   1          
  15   1          // 设置串口工作方式 1，方式1 是10 位数据的异步通信口，数据 8 位
  16   1          //
  17   1          // SM0 SM1 SM2 REN TB8 RB8 TI RI
  18   1          // 复位后为 0
  19   1          SCON = 0x50; // 01010000
  20   1          
  21   1          // SMOD = 1，波特率加倍
  22   1          PCON = 0x80; // 10000000
  23   1          
  24   1          // 设置计数器初始值
  25   1          // 串口工作模式 1 使用 Timer 1 来设置波特率，产生时钟
  26   1          // = (2^SMOD / 32) * T1溢出率
  27   1          // T1溢出率 = fosc / 12 / (256 - TH1)
  28   1          // 12 为单片机使用 12 个时钟作为一个机器周期
  29   1          TH1 = 0xFA;
  30   1          TL1 = 0xFA;
  31   1      
  32   1          ES = 1;
  33   1          EA = 1;
  34   1          TR1 = 1;
  35   1      }
  36          
  37          void uart_init_115200(void)             //115200bps@11.0592MHz
  38          {
  39   1              SCON = 0x50;            //8bit and variable baudrate
  40   1              AUXR &= 0xBF;           //Timer1's clock is Fosc/12 (12T)
  41   1              AUXR &= 0xFE;           //Use Timer1 as baudrate generator
  42   1              TMOD &= 0x0F;           //Set Timer1 as 16-bit auto reload mode
  43   1              TL1 = 0xFE;             //Initial timer value
  44   1              TH1 = 0xFF;             //Initial timer value
  45   1              ET1 = 0;                //Disable Timer1 interrupt
  46   1              TR1 = 1;                //Timer1 running
  47   1          
  48   1          ES = 1;
  49   1          EA = 1;
  50   1      }
  51          
  52          
  53          void uart_send(unsigned char byte)
  54          {
C51 COMPILER V9.60.0.0   UART                                                              08/23/2022 14:29:49 PAGE 2   

  55   1          SBUF = byte;
  56   1          // 等待 TI 变为 1，即发送完成
  57   1          while (!TI);
  58   1          TI = 0;
  59   1      }


MODULE INFORMATION:   STATIC OVERLAYABLE
   CODE SIZE        =     57    ----
   CONSTANT SIZE    =   ----    ----
   XDATA SIZE       =   ----    ----
   PDATA SIZE       =   ----    ----
   DATA SIZE        =   ----    ----
   IDATA SIZE       =   ----    ----
   BIT SIZE         =   ----    ----
END OF MODULE INFORMATION.


C51 COMPILATION COMPLETE.  0 WARNING(S),  0 ERROR(S)
