C51 COMPILER V9.60.0.0   MAIN                                                              06/06/2022 13:49:34 PAGE 1   


C51 COMPILER V9.60.0.0, COMPILATION OF MODULE MAIN
OBJECT MODULE PLACED IN .\Objects\main.obj
COMPILER INVOKED BY: C:\Keil_v5\C51\BIN\C51.EXE main.c OPTIMIZE(8,SPEED) BROWSE DEBUG OBJECTEXTEND PRINT(.\Listings\main
                    -.lst) OBJECT(.\Objects\main.obj)

line level    source

   1          #include <REGX52.H>
   2          
   3          // 51 开发板上的 74HC138 三八译码器控制哪一个数码管选通。
   4          // 三位输入信号连接在 P22, P23 和 P24 IO 口上。
   5          //
   6          // 51 开发板上的 74HC245 驱动芯片控制数码管显示。
   7          // 该板子采用了共阴连接方式，用阳极控制显示。
   8          // 数码管连接在了 P0 口上。
   9          //
  10          // aaa
  11          // f b
  12          // ggg
  13          // e c
  14          // ddd (dp)
  15          
  16          // 高位 -> 低位
  17          // (dp)gfedcba
  18          
  19          // 数字对照表：
  20          // 0x3f, 0x06, 0x5b, 0x4f, 0x66, 0x6d,
  21          // 0     1     2     3     4     5
  22          // 0x7d, 0x07, 0x7f, 0x6f, 0x77, 0x7c,
  23          // 6     7     8     9     A     B
  24          // 0x39, 0x5e, 0x79, 0x71, 0x00,
  25          // C     D     E     F     无显示
  26          
  27          void main()
  28          {
  29   1              // 选择最左边的数码管，即 LED8。
  30   1              // 由于 IO 口上电后默认高电平，也可以不设置。
  31   1              P2_2 = 1;
  32   1              P2_3 = 1;
  33   1              P2_4 = 1;
  34   1      
  35   1              P0 = 0x5e;
  36   1              while(1);
  37   1      }


MODULE INFORMATION:   STATIC OVERLAYABLE
   CODE SIZE        =     11    ----
   CONSTANT SIZE    =   ----    ----
   XDATA SIZE       =   ----    ----
   PDATA SIZE       =   ----    ----
   DATA SIZE        =   ----    ----
   IDATA SIZE       =   ----    ----
   BIT SIZE         =   ----    ----
END OF MODULE INFORMATION.


C51 COMPILATION COMPLETE.  0 WARNING(S),  0 ERROR(S)
