C51 COMPILER V9.60.0.0   24C02                                                             06/27/2022 19:37:44 PAGE 1   


C51 COMPILER V9.60.0.0, COMPILATION OF MODULE 24C02
OBJECT MODULE PLACED IN 24c02.obj
COMPILER INVOKED BY: C:\Keil_v5\C51\BIN\C51.EXE App\24c02.c OPTIMIZE(8,SPEED) BROWSE INCDIR(.\App;.\Public) DEBUG OBJECT
                    -EXTEND PRINT(.\24c02.lst) OBJECT(24c02.obj)

line level    source

   1          #include "24c02.h"
   2          #include "iic.h"
   3          
   4          /********************************************************************
   5          ***********
   6          * 函数名: at24c02_write_one_byte
   7          * 函数功能: 在AT24CXX 指定地址写入一个数据
   8          * 输入: addr:写入数据的目的地址
   9          *      dat:要写入的数据
  10          * 输出: 无
  11          *********************************************************************
  12          **********/
  13          void at24c02_write_one_byte(u8 addr, u8 dat)
  14          {
  15   1          iic_start();
  16   1          iic_write_byte(0XA0); //发送写命令
  17   1          iic_wait_ack();
  18   1          iic_write_byte(addr); //发送写地址
  19   1          iic_wait_ack();
  20   1          iic_write_byte(dat); //发送字节
  21   1          iic_wait_ack();
  22   1          iic_stop(); //产生一个停止条件
  23   1          delay_ms(10);
  24   1      }
  25          /********************************************************************
  26          ***********
  27          * 函数名: at24c02_read_one_byte
  28          * 函数功能: 在AT24CXX 指定地址读出一个数据
  29          * 输入: addr:开始读数的地址
  30          * 输出: 读到的数据
  31          *********************************************************************
  32          **********/
  33          u8 at24c02_read_one_byte(u8 addr)
  34          {
  35   1          u8 temp = 0;
  36   1          iic_start();
  37   1          iic_write_byte(0XA0); //发送写命令
  38   1          iic_wait_ack();
  39   1          iic_write_byte(addr); //发送写地址
  40   1          iic_wait_ack();
  41   1          iic_start();
  42   1          iic_write_byte(0XA1); //进入接收模式
  43   1          iic_wait_ack();
  44   1          temp = iic_read_byte(0); //读取字节
  45   1          iic_stop();              //产生一个停止条件
  46   1          return temp;             //返回读取的数据
  47   1      }


MODULE INFORMATION:   STATIC OVERLAYABLE
   CODE SIZE        =     89    ----
   CONSTANT SIZE    =   ----    ----
   XDATA SIZE       =   ----    ----
   PDATA SIZE       =   ----    ----
C51 COMPILER V9.60.0.0   24C02                                                             06/27/2022 19:37:44 PAGE 2   

   DATA SIZE        =   ----       4
   IDATA SIZE       =   ----    ----
   BIT SIZE         =   ----    ----
END OF MODULE INFORMATION.


C51 COMPILATION COMPLETE.  0 WARNING(S),  0 ERROR(S)
