C51 COMPILER V9.60.0.0   MAIN                                                              07/01/2022 22:44:43 PAGE 1   


C51 COMPILER V9.60.0.0, COMPILATION OF MODULE MAIN
OBJECT MODULE PLACED IN .\Objects\main.obj
COMPILER INVOKED BY: C:\Keil_v5\C51\BIN\C51.EXE User\main.c OPTIMIZE(8,SPEED) BROWSE INCDIR(.\Public;.\App) DEBUG OBJECT
                    -EXTEND PRINT(.\Listings\main.lst) OBJECT(.\Objects\main.obj)

line level    source

   1          /********************************************************************
   2          ******************
   3          实验名称：I2C-EEPROM 实验
   4          接线说明：
   5          实验现象：下载程序后，数码管右4 位显示0，按K1 键将数据写入到EEPROM 内保存，
   6          按K2 键读取EEPROM 内保存的数据，按K3 键显示数据加1，按K4 键显示数据清
   7          零，
   8          最大能写入的数据是255。
   9          注意事项：
  10          *********************************************************************
  11          ******************/
  12          
  13          #include "public.h"
  14          #include "smg.h"
  15          
  16          sbit IRED = P3^2;
  17          
  18          gsmg_code[17] = {0x3f, 0x06, 0x5b, 0x4f, 0x66, 0x6d, 0x7d, 0x07,
*** WARNING C231 IN LINE 18 OF User\main.c: 'gsmg_code': redefinition
  19                                     0x7f, 0x6f, 0x77, 0x7c, 0x39, 0x5e, 0x79, 0x71};
  20          
  21          u8 gired_data[4];
  22                                     
  23          void init_ired()
  24          {
  25   1          IT0 = 1;
  26   1          EX0 = 1;
  27   1          EA = 1;
  28   1          IRED = 1;
  29   1      }
  30          
  31          void ired() interrupt 0
  32          {
  33   1          u8 ired_high_time = 0;
  34   1          u16 time_cnt = 0;
  35   1          u8 i = 0, j = 0;
  36   1              
  37   1          if (IRED == 0)
  38   1          {
  39   2              // 等待 9ms 的低电平引导码
  40   2              time_cnt = 1000;
  41   2              while((!IRED) && time_cnt)
  42   2              {
  43   3                  delay_10us(1);
  44   3                  time_cnt--;
  45   3                  if (time_cnt == 0) return ;
  46   3              }
  47   2              
  48   2              if (IRED)
  49   2              {
  50   3                  // 等待 4.5ms 的高电平
  51   3                  time_cnt = 500;
  52   3                  while (IRED && time_cnt)
  53   3                  {
C51 COMPILER V9.60.0.0   MAIN                                                              07/01/2022 22:44:43 PAGE 2   

  54   4                      delay_10us(1);
  55   4                      time_cnt--;
  56   4                      if (time_cnt == 0) return;
  57   4                  }
  58   3                  
  59   3                  // 连续接收 4 个字节的：地址码，地址码反码，控制码，控制码反码
  60   3                  for (i = 0; i < 4; i++)
  61   3                  {
  62   4                      for (j = 0; j < 8; j++)
  63   4                      {
  64   5                          // 等待 560us 的低电平
  65   5                          time_cnt = 600;
  66   5                          while ((IRED == 0) && time_cnt)
  67   5                          {
  68   6                              delay_10us(1);
  69   6                              time_cnt--;
  70   6                              if (time_cnt == 0) return;
  71   6                          }
  72   5                          
  73   5                          // 计算高电平的时间
  74   5                          while (IRED)
  75   5                          {
  76   6                              delay_10us(10);
  77   6                              ired_high_time++;
  78   6                              if (ired_high_time > 20) return;
  79   6                          }
  80   5                          gired_data[i] >>= 1;
  81   5                          if (ired_high_time >= 8) gired_data[i] |= 0x80;
  82   5                          ired_high_time = 0;
  83   5                      }
  84   4                  }
  85   3              }
  86   2              
  87   2              if (gired_data[2] != ~gired_data[3])
  88   2              {
  89   3                  for (i = 0; i < 4; i++)
  90   3                  {
  91   4                      gired_data[i] = 0;
  92   4                  }
  93   3                  return ;
  94   3              }
  95   2              
  96   2              // 控制直流电机
  97   2              if (gired_data[2] == 0x45)
  98   2              {
  99   3                  P1_0 = ~P1_0;
 100   3              }
 101   2          }
 102   1      }
 103          
 104          void main()
 105          {
 106   1          u8 ired_buf[3];
 107   1          init_ired();
 108   1          
 109   1          P1_0 = 0;
 110   1          
 111   1          while (1)
 112   1          {
 113   2              ired_buf[0] = gsmg_code[gired_data[2] / 16];
 114   2              ired_buf[1] = gsmg_code[gired_data[2] % 16];
 115   2              ired_buf[2] = 0x76;
C51 COMPILER V9.60.0.0   MAIN                                                              07/01/2022 22:44:43 PAGE 3   

 116   2                     
 117   2              smg_display(ired_buf, 6);
 118   2          }
 119   1      }


MODULE INFORMATION:   STATIC OVERLAYABLE
   CODE SIZE        =    394    ----
   CONSTANT SIZE    =   ----    ----
   XDATA SIZE       =   ----    ----
   PDATA SIZE       =   ----    ----
   DATA SIZE        =     38       8
   IDATA SIZE       =   ----    ----
   BIT SIZE         =   ----    ----
END OF MODULE INFORMATION.


C51 COMPILATION COMPLETE.  1 WARNING(S),  0 ERROR(S)
