C51 COMPILER V9.60.0.0   SMG                                                               07/01/2022 20:49:57 PAGE 1   


C51 COMPILER V9.60.0.0, COMPILATION OF MODULE SMG
OBJECT MODULE PLACED IN .\Objects\smg.obj
COMPILER INVOKED BY: C:\Keil_v5\C51\BIN\C51.EXE App\smg.c OPTIMIZE(8,SPEED) BROWSE INCDIR(.\Public;.\App) DEBUG OBJECTEX
                    -TEND PRINT(.\Listings\smg.lst) OBJECT(.\Objects\smg.obj)

line level    source

   1          #include "smg.h"
   2          
   3          /********************************************************************
   4          ***********
   5          * 函数名: smg_display
   6          * 函数功能: 动态数码管显示
   7          * 输入: dat：要显示的数据
   8          pos：从左开始第几个位置开始显示，范围1-8
   9          * 输出: 无
  10          *********************************************************************
  11          **********/
  12          void smg_display(u8 dat[], u8 pos)
  13          {
  14   1          u8 i = 0;
  15   1          u8 pos_temp = pos - 1;
  16   1          for (i = pos_temp; i < 8; i++)
  17   1          {
  18   2              switch (i) //位选
  19   2              {
  20   3              case 0:
  21   3                  LSC = 1;
  22   3                  LSB = 1;
  23   3                  LSA = 1;
  24   3                  break;
  25   3              case 1:
  26   3                  LSC = 1;
  27   3                  LSB = 1;
  28   3                  LSA = 0;
  29   3                  break;
  30   3              case 2:
  31   3                  LSC = 1;
  32   3                  LSB = 0;
  33   3                  LSA = 1;
  34   3                  break;
  35   3              case 3:
  36   3                  LSC = 1;
  37   3                  LSB = 0;
  38   3                  LSA = 0;
  39   3                  break;
  40   3              case 4:
  41   3                  LSC = 0;
  42   3                  LSB = 1;
  43   3                  LSA = 1;
  44   3                  break;
  45   3              case 5:
  46   3                  LSC = 0;
  47   3                  LSB = 1;
  48   3                  LSA = 0;
  49   3                  break;
  50   3              case 6:
  51   3                  LSC = 0;
  52   3                  LSB = 0;
  53   3                  LSA = 1;
  54   3                  break;
C51 COMPILER V9.60.0.0   SMG                                                               07/01/2022 20:49:57 PAGE 2   

  55   3              case 7:
  56   3                  LSC = 0;
  57   3                  LSB = 0;
  58   3                  LSA = 0;
  59   3                  break;
  60   3              }
  61   2              SMG_A_DP_PORT = dat[i - pos_temp]; //传送段选数据
  62   2              delay_10us(100);                              //延时一段时间，等待显示稳定
  63   2              SMG_A_DP_PORT = 0x00;                         //消音
  64   2          }
  65   1      }


MODULE INFORMATION:   STATIC OVERLAYABLE
   CODE SIZE        =    150    ----
   CONSTANT SIZE    =   ----    ----
   XDATA SIZE       =   ----    ----
   PDATA SIZE       =   ----    ----
   DATA SIZE        =   ----       5
   IDATA SIZE       =   ----    ----
   BIT SIZE         =   ----    ----
END OF MODULE INFORMATION.


C51 COMPILATION COMPLETE.  0 WARNING(S),  0 ERROR(S)
