C51 COMPILER V9.60.0.0   MAIN                                                              06/14/2022 17:15:05 PAGE 1   


C51 COMPILER V9.60.0.0, COMPILATION OF MODULE MAIN
OBJECT MODULE PLACED IN .\Objects\main.obj
COMPILER INVOKED BY: C:\Keil_v5\C51\BIN\C51.EXE main.c OPTIMIZE(8,SPEED) BROWSE DEBUG OBJECTEXTEND PRINT(.\Listings\main
                    -.lst) OBJECT(.\Objects\main.obj)

line level    source

   1          #include <REGX52.H>
   2          
   3          sbit LED1 = P2^0;
   4          
   5          sbit KEY3 = P3^2;
   6          sbit KEY4 = P3^3;
   7          
   8          void Delay20ms()                //@11.0592MHz
   9          {
  10   1              unsigned char i, j;
  11   1      
  12   1              i = 36;
  13   1              j = 217;
  14   1              do
  15   1              {
  16   2                      while (--j);
  17   2              } while (--i);
  18   1      }
  19          
  20          void exint0() interrupt 0
  21          {
  22   1              Delay20ms();
  23   1              
  24   1              if (KEY3 == 0)
  25   1              {
  26   2                      LED1 = !LED1;
  27   2              }
  28   1      }
  29          
  30          void exint1() interrupt 2
  31          {
  32   1              Delay20ms();
  33   1              
  34   1              if (KEY4 == 0)
  35   1              {
  36   2                      LED1 = !LED1;
  37   2              }
  38   1      }
  39          
  40          void enable_ext0_interrupt()
  41          {
  42   1              // 下降沿触发
  43   1              IT0 = 1;
  44   1              
  45   1              // 允许外部中断0
  46   1              EX0 = 1;
  47   1              
  48   1              // 允许CPU中断
  49   1              EA = 1;
  50   1      }
  51          
  52          void enable_ext1_interrupt()
  53          {
  54   1              // 下降沿触发
C51 COMPILER V9.60.0.0   MAIN                                                              06/14/2022 17:15:05 PAGE 2   

  55   1              IT1 = 1;
  56   1              
  57   1              // 允许外部中断0
  58   1              EX1 = 1;
  59   1              
  60   1              // 允许CPU中断
  61   1              EA = 1;
  62   1      }
  63          
  64          void main()
  65          {
  66   1              enable_ext0_interrupt();
  67   1              enable_ext1_interrupt();
  68   1      
  69   1              while(1);
  70   1      }


MODULE INFORMATION:   STATIC OVERLAYABLE
   CODE SIZE        =     79    ----
   CONSTANT SIZE    =   ----    ----
   XDATA SIZE       =   ----    ----
   PDATA SIZE       =   ----    ----
   DATA SIZE        =   ----    ----
   IDATA SIZE       =   ----    ----
   BIT SIZE         =   ----    ----
END OF MODULE INFORMATION.


C51 COMPILATION COMPLETE.  0 WARNING(S),  0 ERROR(S)
