C51 COMPILER V9.60.0.0   MAIN                                                              06/09/2022 15:31:14 PAGE 1   


C51 COMPILER V9.60.0.0, COMPILATION OF MODULE MAIN
OBJECT MODULE PLACED IN .\Objects\main.obj
COMPILER INVOKED BY: C:\Keil_v5\C51\BIN\C51.EXE main.c OPTIMIZE(8,SPEED) BROWSE DEBUG OBJECTEXTEND PRINT(.\Listings\main
                    -.lst) OBJECT(.\Objects\main.obj)

line level    source

   1          #include <REGX52.H>
   2          #include <INTRINS.H>
   3          
   4          sbit SER = P3^4;
   5          sbit RCK = P3^5;
   6          sbit SCK = P3^6;
   7          
   8          void Delay1ms()         //@11.0592MHz
   9          {
  10   1              unsigned char i, j;
  11   1      
  12   1              _nop_();
  13   1              i = 2;
  14   1              j = 199;
  15   1              do
  16   1              {
  17   2                      while (--j);
  18   2              } while (--i);
  19   1      }
  20          
  21          void Delay10us()        //@11.0592MHz
  22          {
  23   1              unsigned char i;
  24   1      
  25   1              i = 2;
  26   1              while (--i);
  27   1      }
  28          
  29          void tick()
  30          {
  31   1              SCK = 0;
  32   1              Delay10us();
  33   1              SCK = 1;
  34   1              Delay10us();
  35   1      }
  36          
  37          void hc595_write_data(unsigned char dat)
  38          {
  39   1              unsigned char i = 0;
  40   1              for (i = 0; i < 8; i++)
  41   1              {
  42   2                      SER = dat >> 7;
  43   2                      dat <<= 1;
  44   2                      tick();
  45   2              }
  46   1              RCK = 0;
  47   1              Delay10us();
  48   1              RCK = 1;
  49   1              Delay10us();
  50   1      }
  51          
  52          // 工具生成
  53          //unsigned char ghc595_buf[8]={0xF8,0x08,0xF8,0xA8,0x00,0x00,0x00,0x00};
  54          unsigned char ghc595_buf[8]={0x12,0x54,0x38,0xFF,0x38,0x54,0x12,0x00};
C51 COMPILER V9.60.0.0   MAIN                                                              06/09/2022 15:31:14 PAGE 2   

  55          
  56          unsigned char col_buf[8] = {0x7f,0xbf,0xdf,0xef,0xf7,0xfb,0xfd,0xfe};
  57          
  58          void main()
  59          {
  60   1              unsigned char i = 0;
  61   1      
  62   1              while(1)
  63   1              {
  64   2                      i = 0;
  65   2                      
  66   2                      for (i = 0; i < 8; i++)
  67   2                      {
  68   3                              P0 = col_buf[i];
  69   3                              hc595_write_data(ghc595_buf[i]);
  70   3                              Delay1ms();
  71   3                              hc595_write_data(0);
  72   3                      }
  73   2              }
  74   1      }


MODULE INFORMATION:   STATIC OVERLAYABLE
   CODE SIZE        =    109    ----
   CONSTANT SIZE    =   ----    ----
   XDATA SIZE       =   ----    ----
   PDATA SIZE       =   ----    ----
   DATA SIZE        =     16    ----
   IDATA SIZE       =   ----    ----
   BIT SIZE         =   ----    ----
END OF MODULE INFORMATION.


C51 COMPILATION COMPLETE.  0 WARNING(S),  0 ERROR(S)
