C51 COMPILER V9.60.0.0   MAIN                                                              06/01/2022 16:25:43 PAGE 1   


C51 COMPILER V9.60.0.0, COMPILATION OF MODULE MAIN
OBJECT MODULE PLACED IN .\Objects\main.obj
COMPILER INVOKED BY: C:\Keil_v5\C51\BIN\C51.EXE main.c OPTIMIZE(8,SPEED) BROWSE DEBUG OBJECTEXTEND PRINT(.\Listings\main
                    -.lst) OBJECT(.\Objects\main.obj)

line level    source

   1          #include <REGX52.H>
   2          
   3          // sbit 特殊功能位声明，0 or 1
   4          sbit D1 = P2^0;
   5          sbit D2 = P2^1;
   6          sbit D3 = P2^2;
   7          sbit D4 = P2^3;
   8          sbit D5 = P2^4;
   9          sbit D6 = P2^5;
  10          sbit D7 = P2^6;
  11          sbit D8 = P2^7;
  12          
  13          void main()
  14          {
  15   1              // turn on D1
  16   1              D1 = 0;
  17   1              
  18   1              // turn on D3
  19   1              D3 = 0;
  20   1              
  21   1              // turn on D5
  22   1              D5 = 0;
  23   1      
  24   1              // turn on D7
  25   1              D7 = 0;
  26   1      
  27   1              while (1);
  28   1      }


MODULE INFORMATION:   STATIC OVERLAYABLE
   CODE SIZE        =     10    ----
   CONSTANT SIZE    =   ----    ----
   XDATA SIZE       =   ----    ----
   PDATA SIZE       =   ----    ----
   DATA SIZE        =   ----    ----
   IDATA SIZE       =   ----    ----
   BIT SIZE         =   ----    ----
END OF MODULE INFORMATION.


C51 COMPILATION COMPLETE.  0 WARNING(S),  0 ERROR(S)
