C51 COMPILER V9.60.0.0   MAIN                                                              06/01/2022 16:36:05 PAGE 1   


C51 COMPILER V9.60.0.0, COMPILATION OF MODULE MAIN
OBJECT MODULE PLACED IN .\Objects\main.obj
COMPILER INVOKED BY: C:\Keil_v5\C51\BIN\C51.EXE main.c OPTIMIZE(8,SPEED) BROWSE DEBUG OBJECTEXTEND PRINT(.\Listings\main
                    -.lst) OBJECT(.\Objects\main.obj)

line level    source

   1          #include <INTRINS.H>
   2          #include <REGX52.H>
   3          
   4          sbit D1 = P2^0;
   5          
   6          void Delay500ms()               //@11.0592MHz
   7          {
   8   1              unsigned char i, j, k;
   9   1      
  10   1              _nop_();
  11   1              i = 4;
  12   1              j = 129;
  13   1              k = 119;
  14   1              do
  15   1              {
  16   2                      do
  17   2                      {
  18   3                              while (--k);
  19   3                      } while (--j);
  20   2              } while (--i);
  21   1      }
  22          
  23          void main()
  24          {
  25   1              while (1)
  26   1              {
  27   2                      D1 = 0;
  28   2                      Delay500ms();
  29   2                      D1= 1;
  30   2                      Delay500ms();
  31   2              }
  32   1      }


MODULE INFORMATION:   STATIC OVERLAYABLE
   CODE SIZE        =     26    ----
   CONSTANT SIZE    =   ----    ----
   XDATA SIZE       =   ----    ----
   PDATA SIZE       =   ----    ----
   DATA SIZE        =   ----    ----
   IDATA SIZE       =   ----    ----
   BIT SIZE         =   ----    ----
END OF MODULE INFORMATION.


C51 COMPILATION COMPLETE.  0 WARNING(S),  0 ERROR(S)
