C51 COMPILER V9.60.0.0   MAIN                                                              06/06/2022 10:19:14 PAGE 1   


C51 COMPILER V9.60.0.0, COMPILATION OF MODULE MAIN
OBJECT MODULE PLACED IN .\Objects\main.obj
COMPILER INVOKED BY: C:\Keil_v5\C51\BIN\C51.EXE main.c OPTIMIZE(8,SPEED) BROWSE DEBUG OBJECTEXTEND PRINT(.\Listings\main
                    -.lst) OBJECT(.\Objects\main.obj)

line level    source

   1          #include <REGX52.H>
   2          #include <INTRINS.H>
   3          
   4          void Delay1ms();
   5          void Delay1000ms();
   6          
   7          // Beep connect to P25
   8          void main()
   9          {
  10   1              unsigned int i;
  11   1              while(1)
  12   1              {
  13   2                      i = 1000;
  14   2                      while(i--)
  15   2                      {
  16   3                              P2_5 = !P2_5;
  17   3                              Delay1ms();
  18   3                      }
  19   2      
  20   2                      P2_5 = 0;               
  21   2                      Delay1000ms();
  22   2              }
  23   1      }
  24          
  25          void Delay1ms()         //@11.0592MHz
  26          {
  27   1              unsigned char i, j;
  28   1      
  29   1              _nop_();
  30   1              i = 2;
  31   1              j = 199;
  32   1              do
  33   1              {
  34   2                      while (--j);
  35   2              } while (--i);
  36   1      }
  37          
  38          void Delay1000ms()              //@11.0592MHz
  39          {
  40   1              unsigned char i, j, k;
  41   1      
  42   1              _nop_();
  43   1              i = 8;
  44   1              j = 1;
  45   1              k = 243;
  46   1              do
  47   1              {
  48   2                      do
  49   2                      {
  50   3                              while (--k);
  51   3                      } while (--j);
  52   2              } while (--i);
  53   1      }

C51 COMPILER V9.60.0.0   MAIN                                                              06/06/2022 10:19:14 PAGE 2   


MODULE INFORMATION:   STATIC OVERLAYABLE
   CODE SIZE        =     57    ----
   CONSTANT SIZE    =   ----    ----
   XDATA SIZE       =   ----    ----
   PDATA SIZE       =   ----    ----
   DATA SIZE        =   ----       2
   IDATA SIZE       =   ----    ----
   BIT SIZE         =   ----    ----
END OF MODULE INFORMATION.


C51 COMPILATION COMPLETE.  0 WARNING(S),  0 ERROR(S)
