C51 COMPILER V9.60.0.0   PUBLIC                                                            06/29/2022 09:04:15 PAGE 1   


C51 COMPILER V9.60.0.0, COMPILATION OF MODULE PUBLIC
OBJECT MODULE PLACED IN .\Objects\public.obj
COMPILER INVOKED BY: C:\Keil_v5\C51\BIN\C51.EXE Public\public.c OPTIMIZE(8,SPEED) BROWSE INCDIR(.\App;.\Public) DEBUG OB
                    -JECTEXTEND PRINT(.\Listings\public.lst) OBJECT(.\Objects\public.obj)

line level    source

   1          #include "public.h"
   2          
   3          void delay_ms(u16 ms)           //@11.0592MHz
   4          {
   5   1              unsigned char i, j;
   6   1      
   7   1          while(ms)
   8   1          {
   9   2              _nop_();
  10   2              i = 2;
  11   2              j = 199;
  12   2              do
  13   2              {
  14   3                      while (--j);
  15   3              } while (--i);
  16   2              
  17   2              ms--;
  18   2          }
  19   1      
  20   1      }
  21          
  22          
  23          void delay_10us(u16 us)         //@11.0592MHz
  24          {
  25   1              unsigned char i;
  26   1          
  27   1          while(us)
  28   1          {
  29   2              i = 2;
  30   2              while (--i);
  31   2              
  32   2              us--;
  33   2          }
  34   1      }
  35          
  36          void delay_2us()                //@11.0592MHz
  37          {
  38   1              _nop_();
  39   1      }


MODULE INFORMATION:   STATIC OVERLAYABLE
   CODE SIZE        =     39    ----
   CONSTANT SIZE    =   ----    ----
   XDATA SIZE       =   ----    ----
   PDATA SIZE       =   ----    ----
   DATA SIZE        =   ----    ----
   IDATA SIZE       =   ----    ----
   BIT SIZE         =   ----    ----
END OF MODULE INFORMATION.


C51 COMPILATION COMPLETE.  0 WARNING(S),  0 ERROR(S)
