C51 COMPILER V9.60.0.0   SMG                                                               06/29/2022 09:04:15 PAGE 1   


C51 COMPILER V9.60.0.0, COMPILATION OF MODULE SMG
OBJECT MODULE PLACED IN .\Objects\smg.obj
COMPILER INVOKED BY: C:\Keil_v5\C51\BIN\C51.EXE App\smg.c OPTIMIZE(8,SPEED) BROWSE INCDIR(.\App;.\Public) DEBUG OBJECTEX
                    -TEND PRINT(.\Listings\smg.lst) OBJECT(.\Objects\smg.obj)

line level    source

   1          #include "smg.h"
   2          
   3          
   4          
   5          /********************************************************************
   6          ***********
   7          * 函数名: smg_display
   8          * 函数功能: 动态数码管显示
   9          * 输入: dat：要显示的数据
  10          pos：从左开始第几个位置开始显示，范围1-8
  11          * 输出: 无
  12          *********************************************************************
  13          **********/
  14          void smg_display(u8 dat[], u8 pos)
  15          {
  16   1          u8 i = 0;
  17   1          u8 pos_temp = pos - 1;
  18   1          for (i = pos_temp; i < 8; i++)
  19   1          {
  20   2              switch (i) //位选
  21   2              {
  22   3              case 0:
  23   3                  LSC = 1;
  24   3                  LSB = 1;
  25   3                  LSA = 1;
  26   3                  break;
  27   3              case 1:
  28   3                  LSC = 1;
  29   3                  LSB = 1;
  30   3                  LSA = 0;
  31   3                  break;
  32   3              case 2:
  33   3                  LSC = 1;
  34   3                  LSB = 0;
  35   3                  LSA = 1;
  36   3                  break;
  37   3              case 3:
  38   3                  LSC = 1;
  39   3                  LSB = 0;
  40   3                  LSA = 0;
  41   3                  break;
  42   3              case 4:
  43   3                  LSC = 0;
  44   3                  LSB = 1;
  45   3                  LSA = 1;
  46   3                  break;
  47   3              case 5:
  48   3                  LSC = 0;
  49   3                  LSB = 1;
  50   3                  LSA = 0;
  51   3                  break;
  52   3              case 6:
  53   3                  LSC = 0;
  54   3                  LSB = 0;
C51 COMPILER V9.60.0.0   SMG                                                               06/29/2022 09:04:15 PAGE 2   

  55   3                  LSA = 1;
  56   3                  break;
  57   3              case 7:
  58   3                  LSC = 0;
  59   3                  LSB = 0;
  60   3                  LSA = 0;
  61   3                  break;
  62   3              }
  63   2              SMG_A_DP_PORT = dat[i - pos_temp]; //传送段选数据
  64   2              delay_10us(100);                              //延时一段时间，等待显示稳定
  65   2              SMG_A_DP_PORT = 0x00;                         //消音
  66   2          }
  67   1      }


MODULE INFORMATION:   STATIC OVERLAYABLE
   CODE SIZE        =    150    ----
   CONSTANT SIZE    =   ----    ----
   XDATA SIZE       =   ----    ----
   PDATA SIZE       =   ----    ----
   DATA SIZE        =   ----       5
   IDATA SIZE       =   ----    ----
   BIT SIZE         =   ----    ----
END OF MODULE INFORMATION.


C51 COMPILATION COMPLETE.  0 WARNING(S),  0 ERROR(S)
