C51 COMPILER V9.60.0.0   MAIN                                                              06/20/2022 14:48:40 PAGE 1   


C51 COMPILER V9.60.0.0, COMPILATION OF MODULE MAIN
OBJECT MODULE PLACED IN .\Objects\main.obj
COMPILER INVOKED BY: C:\Keil_v5\C51\BIN\C51.EXE main.c OPTIMIZE(8,SPEED) BROWSE DEBUG OBJECTEXTEND PRINT(.\Listings\main
                    -.lst) OBJECT(.\Objects\main.obj)

line level    source

   1          #include <REGX52.H>
   2          
   3          sbit LED1 = P2^0;
   4          
   5          void init_timer0()
   6          {
   7   1              TMOD |= 0x01;
   8   1              TH0 = 0xfc;
   9   1              TL0 = 0x18;
  10   1              ET0 = 1;
  11   1              EA = 1;
  12   1              TR0 = 1;
  13   1      }
  14          
  15          void timer0_handler() interrupt 1
  16          {
  17   1              static unsigned int i;
  18   1              TH0 = 0xfc;
  19   1              TL0 = 0x18;
  20   1              i++;
  21   1              if (i == 1000)
  22   1              {
  23   2                      i = 0;
  24   2                      LED1 = !LED1;
  25   2              }
  26   1      }
  27          
  28          void main()
  29          {
  30   1              init_timer0();
  31   1              
  32   1              while(1);
  33   1      }


MODULE INFORMATION:   STATIC OVERLAYABLE
   CODE SIZE        =     60    ----
   CONSTANT SIZE    =   ----    ----
   XDATA SIZE       =   ----    ----
   PDATA SIZE       =   ----    ----
   DATA SIZE        =      2    ----
   IDATA SIZE       =   ----    ----
   BIT SIZE         =   ----    ----
END OF MODULE INFORMATION.


C51 COMPILATION COMPLETE.  0 WARNING(S),  0 ERROR(S)
