C51 COMPILER V9.60.0.0   MAIN                                                              06/09/2022 15:14:59 PAGE 1   


C51 COMPILER V9.60.0.0, COMPILATION OF MODULE MAIN
OBJECT MODULE PLACED IN .\Objects\main.obj
COMPILER INVOKED BY: C:\Keil_v5\C51\BIN\C51.EXE main.c OPTIMIZE(8,SPEED) BROWSE DEBUG OBJECTEXTEND PRINT(.\Listings\main
                    -.lst) OBJECT(.\Objects\main.obj)

line level    source

   1          #include <REGX52.H>
   2          #include <INTRINS.H>
   3          
   4          sbit SER = P3^4;
   5          sbit RCK = P3^5;
   6          sbit SCK = P3^6;
   7          
   8          void Delay10us()        //@11.0592MHz
   9          {
  10   1              unsigned char i;
  11   1      
  12   1              i = 2;
  13   1              while (--i);
  14   1      }
  15          
  16          void tick()
  17          {
  18   1              SCK = 0;
  19   1              Delay10us();
  20   1              SCK = 1;
  21   1              Delay10us();
  22   1      }
  23          
  24          void hc595_write_data(unsigned char dat)
  25          {
  26   1              unsigned char i = 0;
  27   1              for (i = 0; i < 8; i++)
  28   1              {
  29   2                      SER = dat >> 7;
  30   2                      dat <<= 1;
  31   2                      tick();
  32   2              }
  33   1              RCK = 0;
  34   1              Delay10us();
  35   1              RCK = 1;
  36   1              Delay10us();
  37   1      }
  38          
  39          unsigned char ghc595_buf[8]={0x01,0x02,0x04,0x08,0x10,0x20,0x40,0x80};
  40          unsigned char col_buf[8] = {0xff, 0xff, 0xff, 0x0f, 0x5f, 0x4f, 0x5f, 0x4f};
  41          unsigned char vis_col_buf[8] = {0xff, 0xff, 0xff, 0xfc, 0xb6, 0x54, 0x55, 0xfc};
  42          
  43          void main()
  44          {
  45   1              unsigned char i = 0;
  46   1      
  47   1              while(1)
  48   1              {
  49   2                      i = 0;
  50   2                      
  51   2                      for (i = 0; i < 8; i++)
  52   2                      {
  53   3                              P0 = col_buf[i];
  54   3                              hc595_write_data(ghc595_buf[i]);
C51 COMPILER V9.60.0.0   MAIN                                                              06/09/2022 15:14:59 PAGE 2   

  55   3                              Delay10us();
  56   3                              hc595_write_data(0);
  57   3                      }
  58   2              }
  59   1      }


MODULE INFORMATION:   STATIC OVERLAYABLE
   CODE SIZE        =     99    ----
   CONSTANT SIZE    =   ----    ----
   XDATA SIZE       =   ----    ----
   PDATA SIZE       =   ----    ----
   DATA SIZE        =     24    ----
   IDATA SIZE       =   ----    ----
   BIT SIZE         =   ----    ----
END OF MODULE INFORMATION.


C51 COMPILATION COMPLETE.  0 WARNING(S),  0 ERROR(S)
