C51 COMPILER V9.60.0.0   MAIN                                                              06/07/2022 15:45:17 PAGE 1   


C51 COMPILER V9.60.0.0, COMPILATION OF MODULE MAIN
OBJECT MODULE PLACED IN .\Objects\main.obj
COMPILER INVOKED BY: C:\Keil_v5\C51\BIN\C51.EXE main.c OPTIMIZE(8,SPEED) BROWSE DEBUG OBJECTEXTEND PRINT(.\Listings\main
                    -.lst) OBJECT(.\Objects\main.obj)

line level    source

   1          #include <REGX52.H>
   2          
   3          void Delay20ms()                //@11.0592MHz
   4          {
   5   1              unsigned char i, j;
   6   1      
   7   1              i = 36;
   8   1              j = 217;
   9   1              do
  10   1              {
  11   2                      while (--j);
  12   2              } while (--i);
  13   1      }
  14          
  15          unsigned char gsmg_code[17] = {0x3f,0x06,0x5b,0x4f,0x66,0x6d,0x7d,0x07,
  16          0x7f,0x6f,0x77,0x7c,0x39,0x5e,0x79,0x71};
  17          
  18          void main()
  19          {
  20   1              while(1)
  21   1              {
  22   2                      P1 = 0xf7; // 1111 0111, col 1
  23   2                      
  24   2                      // 如果第一列有按键按下，会把高 4 位的 1 拉低为 0。
  25   2                      if (P1 != 0xf7)
  26   2                      {
  27   3                              Delay20ms(); // 消抖
  28   3      
  29   3                              if (P1_4 == 0)
  30   3                              {
  31   4                                      while(P1 != 0xf7);
  32   4                                      P0 = gsmg_code[12];
  33   4                              }
  34   3                              if (P1_5 == 0)
  35   3                              {
  36   4                                      while(P1 != 0xf7);
  37   4                                      P0 = gsmg_code[8];
  38   4                              }
  39   3                              if (P1_6 == 0)
  40   3                              {
  41   4                                      while(P1 != 0xf7);
  42   4                                      P0 = gsmg_code[4];
  43   4                              }
  44   3                              if (P1_7 == 0)
  45   3                              {
  46   4                                      while(P1 != 0xf7);
  47   4                                      P0 = gsmg_code[0];
  48   4                              }
  49   3                      }
  50   2                      
  51   2                      P1 = 0xfb; // 1111 1011, col 2
  52   2                      
  53   2                      // 如果第二列有按键按下，会把高 4 位的 1 拉低为 0。
  54   2                      if (P1 != 0xfb)
C51 COMPILER V9.60.0.0   MAIN                                                              06/07/2022 15:45:17 PAGE 2   

  55   2                      {
  56   3                              Delay20ms(); // 消抖
  57   3      
  58   3                              if (P1_4 == 0)
  59   3                              {
  60   4                                      while(P1 != 0xfb);
  61   4                                      P0 = gsmg_code[13];
  62   4                              }
  63   3                              if (P1_5 == 0)
  64   3                              {
  65   4                                      while(P1 != 0xfb);
  66   4                                      P0 = gsmg_code[9];
  67   4                              }
  68   3                              if (P1_6 == 0)
  69   3                              {
  70   4                                      while(P1 != 0xfb);
  71   4                                      P0 = gsmg_code[5];
  72   4                              }
  73   3                              if (P1_7 == 0)
  74   3                              {
  75   4                                      while(P1 != 0xfb);
  76   4                                      P0 = gsmg_code[1];
  77   4                              }
  78   3                      }
  79   2                      
  80   2                      P1 = 0xfd; // 1111 1101, col 3
  81   2                      
  82   2                      // 如果第三列有按键按下，会把高 4 位的 1 拉低为 0。
  83   2                      if (P1 != 0xfd)
  84   2                      {
  85   3                              Delay20ms(); // 消抖
  86   3      
  87   3                              if (P1_4 == 0)
  88   3                              {
  89   4                                      while(P1 != 0xfd);
  90   4                                      P0 = gsmg_code[14];
  91   4                              }
  92   3                              if (P1_5 == 0)
  93   3                              {
  94   4                                      while(P1 != 0xfd);
  95   4                                      P0 = gsmg_code[10];
  96   4                              }
  97   3                              if (P1_6 == 0)
  98   3                              {
  99   4                                      while(P1 != 0xfd);
 100   4                                      P0 = gsmg_code[6];
 101   4                              }
 102   3                              if (P1_7 == 0)
 103   3                              {
 104   4                                      while(P1 != 0xfd);
 105   4                                      P0 = gsmg_code[2];
 106   4                              }
 107   3                      }
 108   2                      
 109   2                      P1 = 0xfe; // 1111 1110, col 4
 110   2                      
 111   2                      // 如果第三列有按键按下，会把高 4 位的 1 拉低为 0。
 112   2                      if (P1 != 0xfe)
 113   2                      {
 114   3                              Delay20ms(); // 消抖
 115   3      
 116   3                              if (P1_4 == 0)
C51 COMPILER V9.60.0.0   MAIN                                                              06/07/2022 15:45:17 PAGE 3   

 117   3                              {
 118   4                                      while(P1 != 0xfe);
 119   4                                      P0 = gsmg_code[15];
 120   4                              }
 121   3                              if (P1_5 == 0)
 122   3                              {
 123   4                                      while(P1 != 0xfe);
 124   4                                      P0 = gsmg_code[11];
 125   4                              }
 126   3                              if (P1_6 == 0)
 127   3                              {
 128   4                                      while(P1 != 0xfe);
 129   4                                      P0 = gsmg_code[7];
 130   4                              }
 131   3                              if (P1_7 == 0)
 132   3                              {
 133   4                                      while(P1 != 0xfe);
 134   4                                      P0 = gsmg_code[3];
 135   4                              }
 136   3                      }
 137   2              }
 138   1      }


MODULE INFORMATION:   STATIC OVERLAYABLE
   CODE SIZE        =    278    ----
   CONSTANT SIZE    =   ----    ----
   XDATA SIZE       =   ----    ----
   PDATA SIZE       =   ----    ----
   DATA SIZE        =     17    ----
   IDATA SIZE       =   ----    ----
   BIT SIZE         =   ----    ----
END OF MODULE INFORMATION.


C51 COMPILATION COMPLETE.  0 WARNING(S),  0 ERROR(S)
