C51 COMPILER V9.60.0.0   MAIN                                                              06/09/2022 16:26:31 PAGE 1   


C51 COMPILER V9.60.0.0, COMPILATION OF MODULE MAIN
OBJECT MODULE PLACED IN .\Objects\main.obj
COMPILER INVOKED BY: C:\Keil_v5\C51\BIN\C51.EXE main.c OPTIMIZE(8,SPEED) BROWSE DEBUG OBJECTEXTEND PRINT(.\Listings\main
                    -.lst) OBJECT(.\Objects\main.obj)

line level    source

   1          #include <REGX52.H>
   2          #include <INTRINS.H>
   3          
   4          void Delay1000ms(unsigned char n)               //@11.0592MHz
   5          {
   6   1              unsigned char i, j, k;
   7   1      
   8   1              while(n)
   9   1              {
  10   2                      _nop_();
  11   2                      i = 8;
  12   2                      j = 1;
  13   2                      k = 243;
  14   2                      do
  15   2                      {
  16   3                              do
  17   3                              {
  18   4                                      while (--k);
  19   4                              } while (--j);
  20   3                      } while (--i);
  21   2                      n--;
  22   2              }
  23   1              
  24   1      }
  25          
  26          void main()
  27          {
  28   1              // 输出高电平、电机进口1输入低电平、电机进口2输入高电平，电机开启
  29   1              P1_0 = 1;
  30   1              Delay1000ms(3);
  31   1              P1_0 = 0;
  32   1              while(1);
  33   1      }


MODULE INFORMATION:   STATIC OVERLAYABLE
   CODE SIZE        =     31    ----
   CONSTANT SIZE    =   ----    ----
   XDATA SIZE       =   ----    ----
   PDATA SIZE       =   ----    ----
   DATA SIZE        =   ----    ----
   IDATA SIZE       =   ----    ----
   BIT SIZE         =   ----    ----
END OF MODULE INFORMATION.


C51 COMPILATION COMPLETE.  0 WARNING(S),  0 ERROR(S)
