C51 COMPILER V9.60.0.0   MAIN                                                              06/22/2022 16:18:35 PAGE 1   


C51 COMPILER V9.60.0.0, COMPILATION OF MODULE MAIN
OBJECT MODULE PLACED IN .\Objects\main.obj
COMPILER INVOKED BY: C:\Keil_v5\C51\BIN\C51.EXE main.c OPTIMIZE(8,SPEED) BROWSE DEBUG OBJECTEXTEND PRINT(.\Listings\main
                    -.lst) OBJECT(.\Objects\main.obj)

line level    source

   1          #include <REGX52.H>
   2          
   3          void uart_init(unsigned char baud)
   4          {
   5   1          // 定时器工作方式寄存器，复位后为0
   6   1          //
   7   1          // GATE C/T M1 M0 GATE C/T M1 M0
   8   1          // 定时器1          定时器0
   9   1          //
  10   1          // 定时器 1 工作方式设置为 2，即自动重装初值的8 位计数方式
  11   1          TMOD |= 0x20; // 00100000
  12   1          
  13   1          // 设置串口工作方式 1，方式1 是10 位数据的异步通信口，数据 8 位
  14   1          //
  15   1          // SM0 SM1 SM2 REN TB8 RB8 TI RI
  16   1          // 复位后为 0
  17   1          SCON = 0x50; // 01010000
  18   1          
  19   1          // SMOD = 1，波特率加倍
  20   1          PCON = 0x80; // 10000000
  21   1          
  22   1          // 设置计数器初始值
  23   1          // 串口工作模式 1 使用 Timer 1 来设置波特率，产生时钟
  24   1          // = (2^SMOD / 32) * T1溢出率
  25   1          // T1溢出率 = fosc / 12 / (256 - TH1)
  26   1          // 12 为单片机使用 12 个时钟作为一个机器周期
  27   1          TH1 = baud;
  28   1          TL1 = baud;
  29   1      
  30   1          ES = 1;
  31   1          EA = 1;
  32   1          TR1 = 1;
  33   1      }
  34          
  35          void main()
  36          {
  37   1          uart_init(0xfa);
  38   1          while (1)
  39   1              ;
  40   1      }
  41          
  42          void uart() interrupt 4
  43          {
  44   1          unsigned char rec_data;
  45   1      
  46   1          RI = 0;
  47   1          rec_data = SBUF;
  48   1          SBUF = rec_data;
  49   1          while (!TI)
  50   1              ;
  51   1          TI = 0;
  52   1      }


C51 COMPILER V9.60.0.0   MAIN                                                              06/22/2022 16:18:35 PAGE 2   

MODULE INFORMATION:   STATIC OVERLAYABLE
   CODE SIZE        =     50    ----
   CONSTANT SIZE    =   ----    ----
   XDATA SIZE       =   ----    ----
   PDATA SIZE       =   ----    ----
   DATA SIZE        =   ----    ----
   IDATA SIZE       =   ----    ----
   BIT SIZE         =   ----    ----
END OF MODULE INFORMATION.


C51 COMPILATION COMPLETE.  0 WARNING(S),  0 ERROR(S)
