C51 COMPILER V9.60.0.0   MAIN                                                              08/12/2022 11:00:56 PAGE 1   


C51 COMPILER V9.60.0.0, COMPILATION OF MODULE MAIN
OBJECT MODULE PLACED IN .\Objects\main.obj
COMPILER INVOKED BY: C:\Keil_v5\C51\BIN\C51.EXE main.c OPTIMIZE(8,SPEED) BROWSE DEBUG OBJECTEXTEND PRINT(.\Listings\main
                    -.lst) OBJECT(.\Objects\main.obj)

line level    source

   1          #include <REGX51.H>
   2          
   3          void init_int0()
   4          {
   5   1          // 开启全局中断
   6   1          EA = 1;
   7   1          
   8   1          // 开启外部中断 0
   9   1          EX0 = 1;
  10   1          
  11   1          // 下降沿触发
  12   1          IT0 = 1;
  13   1      }
  14          
  15          void int0_handler() interrupt 0
  16          {
  17   1          P2_0 = !P0_0;
  18   1          P2_1 = !P0_1;
  19   1      }
  20          
  21          void main()
  22          {
  23   1          init_int0();
  24   1      
  25   1          while (1);
  26   1      }


MODULE INFORMATION:   STATIC OVERLAYABLE
   CODE SIZE        =     27    ----
   CONSTANT SIZE    =   ----    ----
   XDATA SIZE       =   ----    ----
   PDATA SIZE       =   ----    ----
   DATA SIZE        =   ----    ----
   IDATA SIZE       =   ----    ----
   BIT SIZE         =   ----    ----
END OF MODULE INFORMATION.


C51 COMPILATION COMPLETE.  0 WARNING(S),  0 ERROR(S)
