C51 COMPILER V9.60.0.0   MAIN                                                              06/06/2022 16:43:57 PAGE 1   


C51 COMPILER V9.60.0.0, COMPILATION OF MODULE MAIN
OBJECT MODULE PLACED IN .\Objects\main.obj
COMPILER INVOKED BY: C:\Keil_v5\C51\BIN\C51.EXE main.c OPTIMIZE(8,SPEED) BROWSE DEBUG OBJECTEXTEND PRINT(.\Listings\main
                    -.lst) OBJECT(.\Objects\main.obj)

line level    source

   1          #include <REGX52.H>
   2          
   3          void Delay10us();
   4          
   5          sbit LSA = P2^2;
   6          sbit LSB = P2^3;
   7          sbit LSC = P2^4;
   8          
   9          unsigned char gsmg_code[17] = {0x3f,0x06,0x5b,0x4f,0x66,0x6d,0x7d,0x07,
  10          0x7f,0x6f,0x77,0x7c,0x39,0x5e,0x79,0x71};
  11          
  12          void main()
  13          {
  14   1              unsigned char i = 0;
  15   1              while(1)
  16   1              {
  17   2                      i = 0;
  18   2                      for (i = 0; i < 8; i++)
  19   2                      {
  20   3                              switch(i)
  21   3                              {
  22   4                                      case 0: LSC=1;LSB=1;LSA=1;break;
  23   4                                      case 1: LSC=1;LSB=1;LSA=0;break;
  24   4                                      case 2: LSC=1;LSB=0;LSA=1;break;
  25   4                                      case 3: LSC=1;LSB=0;LSA=0;break;
  26   4                                      case 4: LSC=0;LSB=1;LSA=1;break;
  27   4                                      case 5: LSC=0;LSB=1;LSA=0;break;
  28   4                                      case 6: LSC=0;LSB=0;LSA=1;break;
  29   4                                      case 7: LSC=0;LSB=0;LSA=0;break;                        
  30   4                              }
  31   3                              
  32   3                              P0 = gsmg_code[i];
  33   3                              Delay10us(); //延时一段时间，等待显示稳定
  34   3                              P0 = 0; //消音
  35   3                      }
  36   2              }
  37   1      }
  38          
  39          void Delay10us()                //@11.0592MHz
  40          {
  41   1              unsigned char i;
  42   1      
  43   1              i = 2;
  44   1              while (--i);
  45   1      }


MODULE INFORMATION:   STATIC OVERLAYABLE
   CODE SIZE        =    126    ----
   CONSTANT SIZE    =   ----    ----
   XDATA SIZE       =   ----    ----
   PDATA SIZE       =   ----    ----
   DATA SIZE        =     17       1
   IDATA SIZE       =   ----    ----
C51 COMPILER V9.60.0.0   MAIN                                                              06/06/2022 16:43:57 PAGE 2   

   BIT SIZE         =   ----    ----
END OF MODULE INFORMATION.


C51 COMPILATION COMPLETE.  0 WARNING(S),  0 ERROR(S)
